Performing C SOURCE FILE Test CMAKE_HAVE_LIBC_PTHREAD failed with the following output:
Change Dir: /home/riccardo/Desktop/codice pacs/build/CMakeFiles/CMakeTmp

Run Build Command(s):/u/sw/pkgs/toolchains/gcc-glibc/9/base/bin/gmake cmTC_9d163/fast && /u/sw/pkgs/toolchains/gcc-glibc/9/base/bin/gmake -f CMakeFiles/cmTC_9d163.dir/build.make CMakeFiles/cmTC_9d163.dir/build
gmake[1]: Entering directory '/home/riccardo/Desktop/codice pacs/build/CMakeFiles/CMakeTmp'
Building C object CMakeFiles/cmTC_9d163.dir/src.c.o
/u/sw/pkgs/toolchains/gcc-glibc/9/prefix/bin/gcc   -DCMAKE_HAVE_LIBC_PTHREAD   -o CMakeFiles/cmTC_9d163.dir/src.c.o   -c "/home/riccardo/Desktop/codice pacs/build/CMakeFiles/CMakeTmp/src.c"
Linking C executable cmTC_9d163
/u/sw/pkgs/toolchains/gcc-glibc/9/base/bin/cmake -E cmake_link_script CMakeFiles/cmTC_9d163.dir/link.txt --verbose=1
/u/sw/pkgs/toolchains/gcc-glibc/9/prefix/bin/gcc  -DCMAKE_HAVE_LIBC_PTHREAD    -rdynamic CMakeFiles/cmTC_9d163.dir/src.c.o  -o cmTC_9d163 
/u/sw/pkgs/toolchains/gcc-glibc/9/prefix/lib/gcc/x86_64-mk-linux/9.2.0/../../../../x86_64-mk-linux/bin/ld: CMakeFiles/cmTC_9d163.dir/src.c.o: in function `main':
src.c:(.text+0x2d): undefined reference to `pthread_create'
/u/sw/pkgs/toolchains/gcc-glibc/9/prefix/lib/gcc/x86_64-mk-linux/9.2.0/../../../../x86_64-mk-linux/bin/ld: src.c:(.text+0x39): undefined reference to `pthread_detach'
/u/sw/pkgs/toolchains/gcc-glibc/9/prefix/lib/gcc/x86_64-mk-linux/9.2.0/../../../../x86_64-mk-linux/bin/ld: src.c:(.text+0x4a): undefined reference to `pthread_join'
collect2: error: ld returned 1 exit status
gmake[1]: *** [CMakeFiles/cmTC_9d163.dir/build.make:87: cmTC_9d163] Error 1
gmake[1]: Leaving directory '/home/riccardo/Desktop/codice pacs/build/CMakeFiles/CMakeTmp'
gmake: *** [Makefile:121: cmTC_9d163/fast] Error 2


Source file was:
#include <pthread.h>

void* test_func(void* data)
{
  return data;
}

int main(void)
{
  pthread_t thread;
  pthread_create(&thread, NULL, test_func, NULL);
  pthread_detach(thread);
  pthread_join(thread, NULL);
  pthread_atfork(NULL, NULL, NULL);
  pthread_exit(NULL);

  return 0;
}

